0 info it worked if it ends with ok
1 verbose cli [ 'C:\\Program Files\\nodejs\\node.exe',
1 verbose cli   'C:\\Program Files\\nodejs\\node_modules\\npm\\bin\\npm-cli.js',
1 verbose cli   'run',
1 verbose cli   'dev' ]
2 info using npm@3.10.10
3 info using node@v6.10.3
4 verbose run-script [ 'predev', 'dev', 'postdev' ]
5 info lifecycle pwa-veilletechno@1.0.0~predev: pwa-veilletechno@1.0.0
6 silly lifecycle pwa-veilletechno@1.0.0~predev: no script for predev, continuing
7 info lifecycle pwa-veilletechno@1.0.0~dev: pwa-veilletechno@1.0.0
8 verbose lifecycle pwa-veilletechno@1.0.0~dev: unsafe-perm in lifecycle true
9 verbose lifecycle pwa-veilletechno@1.0.0~dev: PATH: C:\Program Files\nodejs\node_modules\npm\bin\node-gyp-bin;C:\Users\Rémi\Desktop\weblab\pwa-veilletechno\node_modules\.bin;C:\cmder\vendor\git-for-windows\mingw32\bin;C:\cmder\vendor\git-for-windows\usr\bin;C:\Users\Rémi\bin;C:\Program Files (x86)\Razer Chroma SDK\bin;C:\Program Files\Razer Chroma SDK\bin;C:\Windows\system32;C:\Windows;C:\Windows\System32\Wbem;C:\Windows\System32\WindowsPowerShell\v1.0;C:\Program Files (x86)\NVIDIA Corporation\PhysX\Common;C:\Program Files\Git\cmd;C:\Program Files\Git\mingw64\bin;C:\Program Files\Git\usr\bin;C:\Program Files (x86)\Druide\Antidote 8\Programmes64;C:\Program Files (x86)\Druide\Antidote 8\Programmes32;E:\logiciel\Ruby22\bin;C:\Ruby22-x64\bin;C:\Users\Rémi\AppData\Roaming\npm;C:\WINDOWS\system32;C:\WINDOWS;C:\WINDOWS\System32\Wbem;C:\WINDOWS\System32\WindowsPowerShell\v1.0;C:\Program Files (x86)\Skype\Phone;C:\Program Files\Intel\WiFi\bin;C:\Program Files\Common Files\Intel\WirelessCommon;C:\Program Files (x86)\QuickTime\QTSystem;C:\Program Files (x86)\Brackets\command;C:\Program Files\nodejs;C:\Program Files\PuTTY;C:\Program Files\MongoDB\Server\3.6\bin;C:\WINDOWS\System32\OpenSSH;C:\wamp\bin\php\php5.5.12;C:\ProgramData\ComposerSetup\bin;E:\Data Science;E:\Data Science\Scripts;E:\Data Science\Library\bin;E:\logiciel\Ruby22\bin;C:\Ruby22-x64\bin;C:\Program Files\Intel\WiFi\bin;C:\Program Files\Common Files\Intel\WirelessCommon;C:\Users\Rémi\AppData\Local\Microsoft\WindowsApps;C:\Users\Rémi\AppData\Local\atom\bin;C:\Users\Rémi\AppData\Roaming\Dashlane\4.7.2.30899\bin\Firefox_Extension\{442718d9-475e-452a-b3e1-fb1ee16b8e9f}\components;C:\Users\Rémi\AppData\Roaming\Dashlane\4.7.2.30899\ucrt;C:\Users\Rémi\AppData\Roaming\npm;C:\Users\Rémi\AppData\Local\GitHubDesktop\bin;C:\Program Files\Microsoft VS Code\bin;C:\Users\Rémi\AppData\Local\Microsoft\WindowsApps;C:\Users\Rémi\AppData\Roaming\Composer\vendor\bin
10 verbose lifecycle pwa-veilletechno@1.0.0~dev: CWD: C:\Users\Rémi\Desktop\weblab\pwa-veilletechno
11 silly lifecycle pwa-veilletechno@1.0.0~dev: Args: [ '/d /s /c', 'webpack' ]
12 silly lifecycle pwa-veilletechno@1.0.0~dev: Returned: code: 2  signal: null
13 info lifecycle pwa-veilletechno@1.0.0~dev: Failed to exec dev script
14 verbose stack Error: pwa-veilletechno@1.0.0 dev: `webpack`
14 verbose stack Exit status 2
14 verbose stack     at EventEmitter.<anonymous> (C:\Program Files\nodejs\node_modules\npm\lib\utils\lifecycle.js:255:16)
14 verbose stack     at emitTwo (events.js:106:13)
14 verbose stack     at EventEmitter.emit (events.js:191:7)
14 verbose stack     at ChildProcess.<anonymous> (C:\Program Files\nodejs\node_modules\npm\lib\utils\spawn.js:40:14)
14 verbose stack     at emitTwo (events.js:106:13)
14 verbose stack     at ChildProcess.emit (events.js:191:7)
14 verbose stack     at maybeClose (internal/child_process.js:886:16)
14 verbose stack     at Process.ChildProcess._handle.onexit (internal/child_process.js:226:5)
15 verbose pkgid pwa-veilletechno@1.0.0
16 verbose cwd C:\Users\Rémi\Desktop\weblab\pwa-veilletechno
17 error Windows_NT 10.0.17134
18 error argv "C:\\Program Files\\nodejs\\node.exe" "C:\\Program Files\\nodejs\\node_modules\\npm\\bin\\npm-cli.js" "run" "dev"
19 error node v6.10.3
20 error npm  v3.10.10
21 error code ELIFECYCLE
22 error pwa-veilletechno@1.0.0 dev: `webpack`
22 error Exit status 2
23 error Failed at the pwa-veilletechno@1.0.0 dev script 'webpack'.
23 error Make sure you have the latest version of node.js and npm installed.
23 error If you do, this is most likely a problem with the pwa-veilletechno package,
23 error not with npm itself.
23 error Tell the author that this fails on your system:
23 error     webpack
23 error You can get information on how to open an issue for this project with:
23 error     npm bugs pwa-veilletechno
23 error Or if that isn't available, you can get their info via:
23 error     npm owner ls pwa-veilletechno
23 error There is likely additional logging output above.
24 verbose exit [ 1, true ]
